2026-05-21T08:00:41.981+00:00 | MODULE=POKE_STATS | API=/stats/{name} | FUNC=db_query | LEVEL=INFO | LATENCY_MS=0 | STATUS=STARTED | MSG=block_start
2026-05-21T08:00:42.038+00:00 | MODULE=POKE_STATS | API=/stats/{name} | FUNC=get_stats | LEVEL=INFO | LATENCY_MS=56.44 | STATUS=200 | MSG=stats_ok name=psyduck
2026-05-21T08:01:56.428+00:00 | MODULE=POKE_STATS | API=/stats/{name} | FUNC=db_query | LEVEL=INFO | LATENCY_MS=0 | STATUS=STARTED | MSG=block_start
2026-05-21T08:01:56.467+00:00 | MODULE=POKE_STATS | API=/stats/{name} | FUNC=get_stats | LEVEL=INFO | LATENCY_MS=39.22 | STATUS=200 | MSG=stats_ok name=jigglypuff
2026-05-21T08:02:00.055+00:00 | MODULE=POKE_STATS | API=/stats/{name} | FUNC=db_query | LEVEL=INFO | LATENCY_MS=0 | STATUS=STARTED | MSG=block_start
2026-05-21T08:02:00.126+00:00 | MODULE=POKE_STATS | API=/stats/{name} | FUNC=get_stats | LEVEL=INFO | LATENCY_MS=70.53 | STATUS=200 | MSG=stats_ok name=jigglypuff
2026-05-21T08:03:25.683+00:00 | MODULE=POKE_STATS | API=/stats/{name} | FUNC=db_query | LEVEL=INFO | LATENCY_MS=0 | STATUS=STARTED | MSG=block_start
2026-05-21T08:03:25.736+00:00 | MODULE=POKE_STATS | API=/stats/{name} | FUNC=get_stats | LEVEL=INFO | LATENCY_MS=53.56 | STATUS=200 | MSG=stats_ok name=raichu
2026-05-21T08:03:37.365+00:00 | MODULE=POKE_STATS | API=/stats/{name} | FUNC=get_stats | LEVEL=ERROR | LATENCY_MS=240.93 | STATUS=500 | MSG=injected_db_failure name=pikachu
2026-05-21T08:03:45.547+00:00 | MODULE=POKE_STATS | API=/stats/{name} | FUNC=db_query | LEVEL=INFO | LATENCY_MS=0 | STATUS=STARTED | MSG=block_start
2026-05-21T08:03:45.587+00:00 | MODULE=POKE_STATS | API=/stats/{name} | FUNC=get_stats | LEVEL=INFO | LATENCY_MS=39.85 | STATUS=200 | MSG=stats_ok name=squirtle
2026-05-21T08:05:25.701+00:00 | MODULE=POKE_STATS | API=/stats/{name} | FUNC=db_query | LEVEL=INFO | LATENCY_MS=0 | STATUS=STARTED | MSG=block_start
2026-05-21T08:05:25.723+00:00 | MODULE=POKE_STATS | API=/stats/{name} | FUNC=get_stats | LEVEL=INFO | LATENCY_MS=21.76 | STATUS=200 | MSG=stats_ok name=charizard
2026-05-21T08:05:27.803+00:00 | MODULE=POKE_STATS | API=/stats/{name} | FUNC=db_query | LEVEL=INFO | LATENCY_MS=0 | STATUS=STARTED | MSG=block_start
2026-05-21T08:05:27.861+00:00 | MODULE=POKE_STATS | API=/stats/{name} | FUNC=get_stats | LEVEL=INFO | LATENCY_MS=57.83 | STATUS=200 | MSG=stats_ok name=bulbasaur
2026-05-21T08:05:40.169+00:00 | MODULE=POKE_STATS | API=/stats/{name} | FUNC=db_query | LEVEL=INFO | LATENCY_MS=0 | STATUS=STARTED | MSG=block_start
2026-05-21T08:05:40.195+00:00 | MODULE=POKE_STATS | API=/stats/{name} | FUNC=get_stats | LEVEL=INFO | LATENCY_MS=25.95 | STATUS=200 | MSG=stats_ok name=mewtwo
2026-05-21T08:06:02.411+00:00 | MODULE=POKE_STATS | API=/stats/{name} | FUNC=db_query | LEVEL=INFO | LATENCY_MS=0 | STATUS=STARTED | MSG=block_start
2026-05-21T08:06:02.465+00:00 | MODULE=POKE_STATS | API=/stats/{name} | FUNC=get_stats | LEVEL=INFO | LATENCY_MS=54.58 | STATUS=200 | MSG=stats_ok name=psyduck
2026-05-21T08:06:14.397+00:00 | MODULE=POKE_STATS | API=/stats/{name} | FUNC=db_query | LEVEL=INFO | LATENCY_MS=0 | STATUS=STARTED | MSG=block_start
2026-05-21T08:06:14.472+00:00 | MODULE=POKE_STATS | API=/stats/{name} | FUNC=get_stats | LEVEL=INFO | LATENCY_MS=74.59 | STATUS=200 | MSG=stats_ok name=gyarados
2026-05-21T08:06:55.208+00:00 | MODULE=POKE_STATS | API=/stats/{name} | FUNC=db_query | LEVEL=INFO | LATENCY_MS=0 | STATUS=STARTED | MSG=block_start
2026-05-21T08:06:55.278+00:00 | MODULE=POKE_STATS | API=/stats/{name} | FUNC=get_stats | LEVEL=INFO | LATENCY_MS=70.63 | STATUS=200 | MSG=stats_ok name=magikarp
2026-05-21T08:07:13.572+00:00 | MODULE=POKE_STATS | API=/stats/{name} | FUNC=db_query | LEVEL=INFO | LATENCY_MS=0 | STATUS=STARTED | MSG=block_start
2026-05-21T08:07:13.595+00:00 | MODULE=POKE_STATS | API=/stats/{name} | FUNC=get_stats | LEVEL=INFO | LATENCY_MS=23.32 | STATUS=200 | MSG=stats_ok name=jigglypuff
2026-05-21T08:07:22.618+00:00 | MODULE=POKE_STATS | API=/stats/{name} | FUNC=db_query | LEVEL=INFO | LATENCY_MS=0 | STATUS=STARTED | MSG=block_start
2026-05-21T08:07:22.644+00:00 | MODULE=POKE_STATS | API=/stats/{name} | FUNC=get_stats | LEVEL=INFO | LATENCY_MS=26.07 | STATUS=200 | MSG=stats_ok name=bulbasaur
2026-05-21T08:07:37.495+00:00 | MODULE=POKE_STATS | API=/stats/{name} | FUNC=db_query | LEVEL=INFO | LATENCY_MS=0 | STATUS=STARTED | MSG=block_start
2026-05-21T08:07:37.535+00:00 | MODULE=POKE_STATS | API=/stats/{name} | FUNC=get_stats | LEVEL=INFO | LATENCY_MS=39.85 | STATUS=200 | MSG=stats_ok name=jigglypuff
2026-05-21T08:07:57.260+00:00 | MODULE=POKE_STATS | API=/stats/{name} | FUNC=db_query | LEVEL=INFO | LATENCY_MS=0 | STATUS=STARTED | MSG=block_start
2026-05-21T08:07:57.296+00:00 | MODULE=POKE_STATS | API=/stats/{name} | FUNC=get_stats | LEVEL=INFO | LATENCY_MS=36.58 | STATUS=200 | MSG=stats_ok name=pikachu
2026-05-21T08:08:16.630+00:00 | MODULE=POKE_STATS | API=/stats/{name} | FUNC=db_query | LEVEL=INFO | LATENCY_MS=0 | STATUS=STARTED | MSG=block_start
2026-05-21T08:08:16.685+00:00 | MODULE=POKE_STATS | API=/stats/{name} | FUNC=get_stats | LEVEL=INFO | LATENCY_MS=54.71 | STATUS=200 | MSG=stats_ok name=psyduck
2026-05-21T08:08:20.090+00:00 | MODULE=POKE_STATS | API=/stats/{name} | FUNC=db_query | LEVEL=INFO | LATENCY_MS=0 | STATUS=STARTED | MSG=block_start
2026-05-21T08:08:20.125+00:00 | MODULE=POKE_STATS | API=/stats/{name} | FUNC=get_stats | LEVEL=INFO | LATENCY_MS=35.04 | STATUS=200 | MSG=stats_ok name=mewtwo
2026-05-21T08:09:09.817+00:00 | MODULE=POKE_STATS | API=/stats/{name} | FUNC=db_query | LEVEL=INFO | LATENCY_MS=0 | STATUS=STARTED | MSG=block_start
2026-05-21T08:09:09.895+00:00 | MODULE=POKE_STATS | API=/stats/{name} | FUNC=get_stats | LEVEL=INFO | LATENCY_MS=77.56 | STATUS=200 | MSG=stats_ok name=jigglypuff
2026-05-21T08:09:41.605+00:00 | MODULE=POKE_STATS | API=/stats/{name} | FUNC=db_query | LEVEL=INFO | LATENCY_MS=0 | STATUS=STARTED | MSG=block_start
2026-05-21T08:09:41.667+00:00 | MODULE=POKE_STATS | API=/stats/{name} | FUNC=get_stats | LEVEL=INFO | LATENCY_MS=61.69 | STATUS=200 | MSG=stats_ok name=bulbasaur
2026-05-21T08:10:10.437+00:00 | MODULE=POKE_STATS | API=/stats/{name} | FUNC=db_query | LEVEL=INFO | LATENCY_MS=0 | STATUS=STARTED | MSG=block_start
2026-05-21T08:10:10.466+00:00 | MODULE=POKE_STATS | API=/stats/{name} | FUNC=get_stats | LEVEL=INFO | LATENCY_MS=29.32 | STATUS=200 | MSG=stats_ok name=snorlax
2026-05-21T08:10:13.053+00:00 | MODULE=POKE_STATS | API=/stats/{name} | FUNC=db_query | LEVEL=INFO | LATENCY_MS=0 | STATUS=STARTED | MSG=block_start
2026-05-21T08:10:13.114+00:00 | MODULE=POKE_STATS | API=/stats/{name} | FUNC=get_stats | LEVEL=INFO | LATENCY_MS=60.43 | STATUS=200 | MSG=stats_ok name=jigglypuff
2026-05-21T08:10:52.326+00:00 | MODULE=POKE_STATS | API=/stats/{name} | FUNC=db_query | LEVEL=INFO | LATENCY_MS=0 | STATUS=STARTED | MSG=block_start
2026-05-21T08:10:52.362+00:00 | MODULE=POKE_STATS | API=/stats/{name} | FUNC=get_stats | LEVEL=INFO | LATENCY_MS=36.20 | STATUS=200 | MSG=stats_ok name=squirtle
2026-05-21T08:10:52.813+00:00 | MODULE=POKE_STATS | API=/stats/{name} | FUNC=db_query | LEVEL=INFO | LATENCY_MS=0 | STATUS=STARTED | MSG=block_start
2026-05-21T08:10:52.875+00:00 | MODULE=POKE_STATS | API=/stats/{name} | FUNC=get_stats | LEVEL=INFO | LATENCY_MS=61.34 | STATUS=200 | MSG=stats_ok name=bulbasaur
2026-05-21T08:11:03.286+00:00 | MODULE=POKE_STATS | API=/stats/{name} | FUNC=db_query | LEVEL=INFO | LATENCY_MS=0 | STATUS=STARTED | MSG=block_start
2026-05-21T08:11:03.326+00:00 | MODULE=POKE_STATS | API=/stats/{name} | FUNC=get_stats | LEVEL=INFO | LATENCY_MS=39.43 | STATUS=200 | MSG=stats_ok name=bulbasaur
2026-05-21T08:11:06.694+00:00 | MODULE=POKE_STATS | API=/stats/{name} | FUNC=db_query | LEVEL=INFO | LATENCY_MS=0 | STATUS=STARTED | MSG=block_start
...
2026-05-27T19:45:06.490+00:00 | MODULE=POKE_STATS | API=/stats/{name} | FUNC=db_query | LEVEL=INFO | LATENCY_MS=0 | STATUS=STARTED | MSG=block_start
2026-05-27T19:45:06.555+00:00 | MODULE=POKE_STATS | API=/stats/{name} | FUNC=get_stats | LEVEL=INFO | LATENCY_MS=65.19 | STATUS=200 | MSG=stats_ok name=snorlax
2026-05-27T19:45:12.352+00:00 | MODULE=POKE_STATS | API=/stats/{name} | FUNC=db_query | LEVEL=INFO | LATENCY_MS=0 | STATUS=STARTED | MSG=block_start
2026-05-27T19:45:12.425+00:00 | MODULE=POKE_STATS | API=/stats/{name} | FUNC=get_stats | LEVEL=INFO | LATENCY_MS=72.81 | STATUS=200 | MSG=stats_ok name=pikachu
2026-05-27T19:45:30.751+00:00 | MODULE=POKE_STATS | API=/stats/{name} | FUNC=db_query | LEVEL=INFO | LATENCY_MS=0 | STATUS=STARTED | MSG=block_start
2026-05-27T19:45:30.786+00:00 | MODULE=POKE_STATS | API=/stats/{name} | FUNC=get_stats | LEVEL=INFO | LATENCY_MS=35.39 | STATUS=200 | MSG=stats_ok name=jigglypuff
2026-05-27T19:47:21.179+00:00 | MODULE=POKE_STATS | API=/stats/{name} | FUNC=db_query | LEVEL=INFO | LATENCY_MS=0 | STATUS=STARTED | MSG=block_start
2026-05-27T19:47:21.234+00:00 | MODULE=POKE_STATS | API=/stats/{name} | FUNC=get_stats | LEVEL=INFO | LATENCY_MS=54.67 | STATUS=200 | MSG=stats_ok name=psyduck
2026-05-27T19:48:01.125+00:00 | MODULE=POKE_STATS | API=/stats/{name} | FUNC=db_query | LEVEL=INFO | LATENCY_MS=0 | STATUS=STARTED | MSG=block_start
2026-05-27T19:48:01.188+00:00 | MODULE=POKE_STATS | API=/stats/{name} | FUNC=get_stats | LEVEL=INFO | LATENCY_MS=62.44 | STATUS=200 | MSG=stats_ok name=pikachu
2026-05-27T19:48:26.721+00:00 | MODULE=POKE_STATS | API=/stats/{name} | FUNC=db_query | LEVEL=INFO | LATENCY_MS=0 | STATUS=STARTED | MSG=block_start
2026-05-27T19:48:26.773+00:00 | MODULE=POKE_STATS | API=/stats/{name} | FUNC=get_stats | LEVEL=INFO | LATENCY_MS=51.68 | STATUS=200 | MSG=stats_ok name=jigglypuff
2026-05-27T19:48:44.293+00:00 | MODULE=POKE_STATS | API=/stats/{name} | FUNC=db_query | LEVEL=INFO | LATENCY_MS=0 | STATUS=STARTED | MSG=block_start
2026-05-27T19:48:44.338+00:00 | MODULE=POKE_STATS | API=/stats/{name} | FUNC=get_stats | LEVEL=INFO | LATENCY_MS=44.76 | STATUS=200 | MSG=stats_ok name=charizard
2026-05-27T19:49:06.626+00:00 | MODULE=POKE_STATS | API=/stats/{name} | FUNC=db_query | LEVEL=INFO | LATENCY_MS=0 | STATUS=STARTED | MSG=block_start
2026-05-27T19:49:06.670+00:00 | MODULE=POKE_STATS | API=/stats/{name} | FUNC=get_stats | LEVEL=INFO | LATENCY_MS=43.99 | STATUS=200 | MSG=stats_ok name=bulbasaur
2026-05-27T19:49:25.983+00:00 | MODULE=POKE_STATS | API=/stats/{name} | FUNC=db_query | LEVEL=INFO | LATENCY_MS=0 | STATUS=STARTED | MSG=block_start
2026-05-27T19:49:26.026+00:00 | MODULE=POKE_STATS | API=/stats/{name} | FUNC=get_stats | LEVEL=INFO | LATENCY_MS=43.62 | STATUS=200 | MSG=stats_ok name=jigglypuff
2026-05-27T19:51:07.427+00:00 | MODULE=POKE_STATS | API=/stats/{name} | FUNC=db_query | LEVEL=INFO | LATENCY_MS=0 | STATUS=STARTED | MSG=block_start
2026-05-27T19:51:07.471+00:00 | MODULE=POKE_STATS | API=/stats/{name} | FUNC=get_stats | LEVEL=INFO | LATENCY_MS=43.78 | STATUS=200 | MSG=stats_ok name=psyduck
2026-05-27T19:51:25.146+00:00 | MODULE=POKE_STATS | API=/stats/{name} | FUNC=db_query | LEVEL=INFO | LATENCY_MS=0 | STATUS=STARTED | MSG=block_start
2026-05-27T19:51:25.185+00:00 | MODULE=POKE_STATS | API=/stats/{name} | FUNC=get_stats | LEVEL=INFO | LATENCY_MS=39.09 | STATUS=200 | MSG=stats_ok name=mewtwo
2026-05-27T19:51:38.992+00:00 | MODULE=POKE_STATS | API=/stats/{name} | FUNC=db_query | LEVEL=INFO | LATENCY_MS=0 | STATUS=STARTED | MSG=block_start
2026-05-27T19:51:39.064+00:00 | MODULE=POKE_STATS | API=/stats/{name} | FUNC=get_stats | LEVEL=INFO | LATENCY_MS=71.46 | STATUS=200 | MSG=stats_ok name=pikachu
2026-05-27T19:52:09.772+00:00 | MODULE=POKE_STATS | API=/stats/{name} | FUNC=db_query | LEVEL=INFO | LATENCY_MS=0 | STATUS=STARTED | MSG=block_start
2026-05-27T19:52:09.838+00:00 | MODULE=POKE_STATS | API=/stats/{name} | FUNC=get_stats | LEVEL=INFO | LATENCY_MS=66.18 | STATUS=200 | MSG=stats_ok name=squirtle
2026-05-27T19:53:00.608+00:00 | MODULE=POKE_STATS | API=/stats/{name} | FUNC=db_query | LEVEL=INFO | LATENCY_MS=0 | STATUS=STARTED | MSG=block_start
2026-05-27T19:53:00.637+00:00 | MODULE=POKE_STATS | API=/stats/{name} | FUNC=get_stats | LEVEL=INFO | LATENCY_MS=29.84 | STATUS=200 | MSG=stats_ok name=squirtle
2026-05-27T19:53:39.356+00:00 | MODULE=POKE_STATS | API=/stats/{name} | FUNC=db_query | LEVEL=INFO | LATENCY_MS=0 | STATUS=STARTED | MSG=block_start
2026-05-27T19:53:39.403+00:00 | MODULE=POKE_STATS | API=/stats/{name} | FUNC=get_stats | LEVEL=INFO | LATENCY_MS=46.34 | STATUS=200 | MSG=stats_ok name=gyarados
2026-05-27T19:54:14.491+00:00 | MODULE=POKE_STATS | API=/stats/{name} | FUNC=db_query | LEVEL=INFO | LATENCY_MS=0 | STATUS=STARTED | MSG=block_start
2026-05-27T19:54:14.539+00:00 | MODULE=POKE_STATS | API=/stats/{name} | FUNC=get_stats | LEVEL=INFO | LATENCY_MS=48.32 | STATUS=200 | MSG=stats_ok name=pikachu
2026-05-27T19:56:04.123+00:00 | MODULE=POKE_STATS | API=/stats/{name} | FUNC=db_query | LEVEL=INFO | LATENCY_MS=0 | STATUS=STARTED | MSG=block_start
2026-05-27T19:56:04.161+00:00 | MODULE=POKE_STATS | API=/stats/{name} | FUNC=get_stats | LEVEL=INFO | LATENCY_MS=37.68 | STATUS=200 | MSG=stats_ok name=psyduck
2026-05-27T19:56:10.582+00:00 | MODULE=POKE_STATS | API=/stats/{name} | FUNC=db_query | LEVEL=INFO | LATENCY_MS=0 | STATUS=STARTED | MSG=block_start
2026-05-27T19:56:10.638+00:00 | MODULE=POKE_STATS | API=/stats/{name} | FUNC=get_stats | LEVEL=INFO | LATENCY_MS=56.72 | STATUS=200 | MSG=stats_ok name=charizard
2026-05-27T19:56:18.377+00:00 | MODULE=POKE_STATS | API=/stats/{name} | FUNC=db_query | LEVEL=INFO | LATENCY_MS=0 | STATUS=STARTED | MSG=block_start
2026-05-27T19:56:18.434+00:00 | MODULE=POKE_STATS | API=/stats/{name} | FUNC=get_stats | LEVEL=INFO | LATENCY_MS=57.55 | STATUS=200 | MSG=stats_ok name=jigglypuff
2026-05-27T19:57:27.691+00:00 | MODULE=POKE_STATS | API=/stats/{name} | FUNC=db_query | LEVEL=INFO | LATENCY_MS=0 | STATUS=STARTED | MSG=block_start
2026-05-27T19:57:27.734+00:00 | MODULE=POKE_STATS | API=/stats/{name} | FUNC=get_stats | LEVEL=INFO | LATENCY_MS=43.34 | STATUS=200 | MSG=stats_ok name=pikachu
2026-05-27T19:57:48.742+00:00 | MODULE=POKE_STATS | API=/stats/{name} | FUNC=db_query | LEVEL=INFO | LATENCY_MS=0 | STATUS=STARTED | MSG=block_start
2026-05-27T19:57:48.813+00:00 | MODULE=POKE_STATS | API=/stats/{name} | FUNC=get_stats | LEVEL=INFO | LATENCY_MS=71.06 | STATUS=200 | MSG=stats_ok name=squirtle
2026-05-27T19:58:28.874+00:00 | MODULE=POKE_STATS | API=/stats/{name} | FUNC=db_query | LEVEL=INFO | LATENCY_MS=0 | STATUS=STARTED | MSG=block_start
2026-05-27T19:58:28.950+00:00 | MODULE=POKE_STATS | API=/stats/{name} | FUNC=get_stats | LEVEL=INFO | LATENCY_MS=75.87 | STATUS=200 | MSG=stats_ok name=pikachu
2026-05-27T19:59:09.365+00:00 | MODULE=POKE_STATS | API=/stats/{name} | FUNC=db_query | LEVEL=INFO | LATENCY_MS=0 | STATUS=STARTED | MSG=block_start
2026-05-27T19:59:09.411+00:00 | MODULE=POKE_STATS | API=/stats/{name} | FUNC=get_stats | LEVEL=INFO | LATENCY_MS=46.58 | STATUS=200 | MSG=stats_ok name=raichu
2026-05-27T19:59:09.879+00:00 | MODULE=POKE_STATS | API=/stats/{name} | FUNC=db_query | LEVEL=INFO | LATENCY_MS=0 | STATUS=STARTED | MSG=block_start
2026-05-27T19:59:09.929+00:00 | MODULE=POKE_STATS | API=/stats/{name} | FUNC=get_stats | LEVEL=INFO | LATENCY_MS=50.30 | STATUS=200 | MSG=stats_ok name=jigglypuff
2026-05-27T19:59:27.978+00:00 | MODULE=POKE_STATS | API=/stats/{name} | FUNC=db_query | LEVEL=INFO | LATENCY_MS=0 | STATUS=STARTED | MSG=block_start
2026-05-27T19:59:28.009+00:00 | MODULE=POKE_STATS | API=/stats/{name} | FUNC=get_stats | LEVEL=INFO | LATENCY_MS=30.52 | STATUS=200 | MSG=stats_ok name=magikarp
